0 verbose cli /usr/local/bin/node /usr/local/bin/npm
1 info using npm@8.15.0
2 info using node@v16.17.1
3 timing npm:load:whichnode Completed in 0ms
4 timing config:load:defaults Completed in 12ms
5 timing config:load:file:/usr/local/lib/node_modules/npm/npmrc Completed in 20ms
6 timing config:load:builtin Completed in 21ms
7 timing config:load:cli Completed in 1ms
8 timing config:load:env Completed in 0ms
9 timing config:load:project Completed in 2ms
10 timing config:load:file:/app/.npmrc Completed in 1ms
11 timing config:load:user Completed in 1ms
12 timing config:load:file:/usr/local/etc/npmrc Completed in 0ms
13 timing config:load:global Completed in 0ms
14 timing config:load:validate Completed in 1ms
15 timing config:load:credentials Completed in 1ms
16 timing config:load:setEnvs Completed in 0ms
17 timing config:load Completed in 40ms
18 timing npm:load:configload Completed in 40ms
19 timing npm:load:mkdirpcache Completed in 5ms
20 timing npm:load:mkdirplogs Completed in 16ms
21 verbose title npm init vue@latest
22 verbose argv "init" "vue@latest"
23 timing npm:load:setTitle Completed in 1ms
24 timing config:load:flatten Completed in 2ms
25 timing npm:load:display Completed in 3ms
26 verbose logfile logs-max:10 dir:/app/.npm/_logs
27 verbose logfile /app/.npm/_logs/2023-09-03T07_24_11_424Z-debug-0.log
28 timing npm:load:logFile Completed in 53ms
29 timing npm:load:timers Completed in 0ms
30 timing npm:load:configScope Completed in 0ms
31 timing npm:load Completed in 127ms
32 silly logfile done cleaning log files
33 timing arborist:ctor Completed in 1ms
34 http fetch GET 200 https://registry.npmjs.org/npm 511ms (cache miss)
35 http fetch GET 200 https://registry.npmjs.org/create-vue 687ms (cache miss)
36 timing arborist:ctor Completed in 0ms
37 timing arborist:ctor Completed in 0ms
38 timing idealTree:init Completed in 20ms
39 timing idealTree:userRequests Completed in 5ms
40 silly idealTree buildDeps
41 silly fetch manifest create-vue@3.7.3
42 http fetch GET 200 https://registry.npmjs.org/create-vue 29ms (cache hit)
43 silly placeDep ROOT create-vue@3.7.3 OK for:  want: 3.7.3
44 timing idealTree:#root Completed in 38ms
45 timing idealTree:node_modules/create-vue Completed in 0ms
46 timing idealTree:buildDeps Completed in 41ms
47 timing idealTree:fixDepFlags Completed in 1ms
48 warn EBADENGINE Unsupported engine {
48 warn EBADENGINE   package: 'create-vue@3.7.3',
48 warn EBADENGINE   required: { node: '>=v16.20.0' },
48 warn EBADENGINE   current: { node: 'v16.17.1', npm: '8.15.0' }
48 warn EBADENGINE }
49 timing idealTree Completed in 73ms
50 timing reify:loadTrees Completed in 73ms
51 timing reify:diffTrees Completed in 0ms
52 silly reify moves {}
53 timing reify:retireShallow Completed in 0ms
54 timing reify:createSparse Completed in 6ms
55 timing reify:loadBundles Completed in 0ms
56 silly audit bulk request { 'create-vue': [ '3.7.3' ] }
57 silly tarball no local data for create-vue@https://registry.npmjs.org/create-vue/-/create-vue-3.7.3.tgz. Extracting by manifest.
58 http fetch POST 200 https://registry.npmjs.org/-/npm/v1/security/advisories/bulk 164ms
59 timing auditReport:getReport Completed in 166ms
60 silly audit report {}
61 timing auditReport:init Completed in 0ms
62 timing reify:audit Completed in 167ms
63 http fetch GET 200 https://registry.npmjs.org/create-vue/-/create-vue-3.7.3.tgz 382ms (cache miss)
64 timing reifyNode:node_modules/create-vue Completed in 391ms
65 timing reify:unpack Completed in 392ms
66 timing reify:unretire Completed in 0ms
67 timing build:queue Completed in 0ms
68 timing build:link:node_modules/create-vue Completed in 5ms
69 timing build:link Completed in 6ms
70 timing build:deps Completed in 7ms
71 timing build Completed in 7ms
72 timing reify:build Completed in 9ms
73 timing reify:trash Completed in 0ms
74 timing reify:save Completed in 5ms
75 timing reify Completed in 502ms
76 timing command:init Completed in 81859ms
77 notice
77 notice New [31mmajor[39m version of npm available! [31m8.15.0[39m -> [32m10.0.0[39m
77 notice Changelog: [36mhttps://github.com/npm/cli/releases/tag/v10.0.0[39m
77 notice Run [32mnpm install -g npm@10.0.0[39m to update!
77 notice
78 verbose exit 0
79 timing npm Completed in 82080ms
80 info ok
